\BOOKMARK [1][-]{section.1}{Enviroment\040Settings}{}% 1
\BOOKMARK [2][-]{subsection.1.1}{.vimrc}{section.1}% 2
\BOOKMARK [2][-]{subsection.1.2}{.screenrc}{section.1}% 3
\BOOKMARK [1][-]{section.2}{Data\040Structure}{}% 4
\BOOKMARK [2][-]{subsection.2.1}{Fenwick\040Tree\040[1,\040size]}{section.2}% 5
\BOOKMARK [2][-]{subsection.2.2}{Fenwick\040Tree\0402D\040-\040[1,\040size][1,\040size]}{section.2}% 6
\BOOKMARK [2][-]{subsection.2.3}{Heap}{section.2}% 7
\BOOKMARK [2][-]{subsection.2.4}{Deap}{section.2}% 8
\BOOKMARK [2][-]{subsection.2.5}{zkw\040Segment\040Tree\(range\040modify\040and\040query\)}{section.2}% 9
\BOOKMARK [2][-]{subsection.2.6}{劃分樹}{section.2}% 10
\BOOKMARK [1][-]{section.3}{String}{}% 11
\BOOKMARK [2][-]{subsection.3.1}{KMP}{section.3}% 12
\BOOKMARK [2][-]{subsection.3.2}{K\040Algorithm}{section.3}% 13
\BOOKMARK [2][-]{subsection.3.3}{Suffix\040Array}{section.3}% 14
\BOOKMARK [2][-]{subsection.3.4}{Longest\040Palindromic\040Substring}{section.3}% 15
\BOOKMARK [1][-]{section.4}{Math}{}% 16
\BOOKMARK [2][-]{subsection.4.1}{Euler's\040phi\040function\040O\(n\)}{section.4}% 17
\BOOKMARK [2][-]{subsection.4.2}{Extended Euclid’s Algorithm}{section.4}% 18
\BOOKMARK [2][-]{subsection.4.3}{Möbius function}{section.4}% 19
\BOOKMARK [2][-]{subsection.4.4}{China\040remainder\040theorem}{section.4}% 20
\BOOKMARK [1][-]{section.5}{Others}{}% 21
\BOOKMARK [2][-]{subsection.5.1}{8\040puzzle\040-\040IDA*}{section.5}% 22
